<?xml version="1.0" encoding="UTF-8"?>
<testsuite name="com.testprism.NestedTests$DeeperNestedTest$EvenDeeperNestedTest" tests="1" skipped="0" failures="0"
           errors="0" timestamp="2026-01-06T13:06:33.821Z" hostname="ANDREI" time="0.001">
    <properties/>
    <testcase name="deeperInnerTest()" classname="com.testprism.NestedTests$DeeperNestedTest$EvenDeeperNestedTest"
              time="0.001"/>
    <system-out><![CDATA[]]></system-out>
    <system-err><![CDATA[]]></system-err>
</testsuite>
