<?xml version="1.0" encoding="UTF-8"?>
<testsuite name="com.testprism.TestWithMultipleTypes" tests="3" skipped="1" failures="1" errors="0"
           timestamp="2026-01-06T13:06:34.010Z" hostname="ANDREI" time="0.013">
    <properties/>
    <testcase name="successTest()" classname="com.testprism.TestWithMultipleTypes" time="0.003"/>
    <testcase name="skippedTest()" classname="com.testprism.TestWithMultipleTypes" time="0.001">
        <skipped/>
    </testcase>
    <testcase name="failedTest()" classname="com.testprism.TestWithMultipleTypes" time="0.004">
        <failure message="org.opentest4j.AssertionFailedError" type="org.opentest4j.AssertionFailedError">
            org.opentest4j.AssertionFailedError
            at app//org.junit.jupiter.api.AssertionUtils.fail(AssertionUtils.java:34)
            at app//org.junit.jupiter.api.Assertions.fail(Assertions.java:115)
            at app//com.testprism.TestWithMultipleTypes.failedTest(TestWithMultipleTypes.java:17)
            at java.base@21.0.3/java.lang.reflect.Method.invoke(Method.java:580)
            at java.base@21.0.3/java.util.ArrayList.forEach(ArrayList.java:1596)
            at java.base@21.0.3/java.util.ArrayList.forEach(ArrayList.java:1596)
        </failure>
    </testcase>
    <system-out><![CDATA[]]></system-out>
    <system-err><![CDATA[]]></system-err>
</testsuite>
